Connecting to database specified by database.yml
  [1m[36m (0.1ms)[0m  [1mselect sqlite_version(*)[0m
  [1m[35m (9.2ms)[0m  CREATE TABLE "schema_migrations" ("version" varchar(255) NOT NULL) 
  [1m[36m (0.9ms)[0m  [1mCREATE UNIQUE INDEX "unique_schema_migrations" ON "schema_migrations" ("version")[0m
  [1m[35m (0.0ms)[0m  SELECT "schema_migrations"."version" FROM "schema_migrations" 
Migrating to DeviseCreateUsers (20121012222507)
  [1m[36m (0.0ms)[0m  [1mbegin transaction[0m
  [1m[35m (0.3ms)[0m  CREATE TABLE "users" ("id" INTEGER PRIMARY KEY AUTOINCREMENT NOT NULL, "email" varchar(255) DEFAULT '' NOT NULL, "encrypted_password" varchar(255) DEFAULT '' NOT NULL, "reset_password_token" varchar(255), "reset_password_sent_at" datetime, "remember_created_at" datetime, "sign_in_count" integer DEFAULT 0, "current_sign_in_at" datetime, "last_sign_in_at" datetime, "current_sign_in_ip" varchar(255), "last_sign_in_ip" varchar(255), "created_at" datetime NOT NULL, "updated_at" datetime NOT NULL) 
  [1m[36m (0.2ms)[0m  [1mCREATE UNIQUE INDEX "index_users_on_email" ON "users" ("email")[0m
  [1m[35m (0.1ms)[0m  CREATE UNIQUE INDEX "index_users_on_reset_password_token" ON "users" ("reset_password_token")
  [1m[36m (0.0ms)[0m  [1mINSERT INTO "schema_migrations" ("version") VALUES ('20121012222507')[0m
  [1m[35m (0.7ms)[0m  commit transaction
Migrating to AddNameToUsers (20121012222509)
  [1m[36m (0.0ms)[0m  [1mbegin transaction[0m
  [1m[35m (0.3ms)[0m  ALTER TABLE "users" ADD "name" varchar(255)
  [1m[36m (0.1ms)[0m  [1mINSERT INTO "schema_migrations" ("version") VALUES ('20121012222509')[0m
  [1m[35m (0.8ms)[0m  commit transaction
Migrating to RolifyCreateRoles (20121012222516)
  [1m[36m (0.0ms)[0m  [1mbegin transaction[0m
  [1m[35m (0.2ms)[0m  CREATE TABLE "roles" ("id" INTEGER PRIMARY KEY AUTOINCREMENT NOT NULL, "name" varchar(255), "resource_id" integer, "resource_type" varchar(255), "created_at" datetime NOT NULL, "updated_at" datetime NOT NULL) 
  [1m[36m (0.1ms)[0m  [1mCREATE TABLE "users_roles" ("user_id" integer, "role_id" integer) [0m
  [1m[35m (0.1ms)[0m  CREATE INDEX "index_roles_on_name" ON "roles" ("name")
  [1m[36m (0.1ms)[0m  [1mCREATE INDEX "index_roles_on_name_and_resource_type_and_resource_id" ON "roles" ("name", "resource_type", "resource_id")[0m
  [1m[35m (0.1ms)[0m  CREATE INDEX "index_users_roles_on_user_id_and_role_id" ON "users_roles" ("user_id", "role_id")
  [1m[36m (0.1ms)[0m  [1mINSERT INTO "schema_migrations" ("version") VALUES ('20121012222516')[0m
  [1m[35m (0.8ms)[0m  commit transaction
Migrating to AddStripeToUsers (20121017180539)
  [1m[36m (0.0ms)[0m  [1mbegin transaction[0m
  [1m[35m (0.3ms)[0m  ALTER TABLE "users" ADD "customer_id" varchar(255)
  [1m[36m (0.2ms)[0m  [1mALTER TABLE "users" ADD "last_4_digits" varchar(255)[0m
  [1m[35m (0.1ms)[0m  INSERT INTO "schema_migrations" ("version") VALUES ('20121017180539')
  [1m[36m (0.6ms)[0m  [1mcommit transaction[0m
  [1m[35m (0.1ms)[0m  SELECT "schema_migrations"."version" FROM "schema_migrations" 
Connecting to database specified by database.yml
  [1m[36m (0.1ms)[0m  [1mSELECT "schema_migrations"."version" FROM "schema_migrations" [0m
  [1m[35mRole Load (0.2ms)[0m  SELECT "roles".* FROM "roles" WHERE "roles"."name" = 'admin' LIMIT 1
  [1m[36m (0.1ms)[0m  [1mbegin transaction[0m
  [1m[35mSQL (2.7ms)[0m  INSERT INTO "roles" ("created_at", "name", "resource_id", "resource_type", "updated_at") VALUES (?, ?, ?, ?, ?)  [["created_at", Sat, 30 Aug 2014 14:58:30 UTC +00:00], ["name", "admin"], ["resource_id", nil], ["resource_type", nil], ["updated_at", Sat, 30 Aug 2014 14:58:30 UTC +00:00]]
  [1m[36m (9.2ms)[0m  [1mcommit transaction[0m
  [1m[35mRole Load (0.1ms)[0m  SELECT "roles".* FROM "roles" WHERE "roles"."name" = 'silver' LIMIT 1
  [1m[36m (0.0ms)[0m  [1mbegin transaction[0m
  [1m[35mSQL (0.3ms)[0m  INSERT INTO "roles" ("created_at", "name", "resource_id", "resource_type", "updated_at") VALUES (?, ?, ?, ?, ?)  [["created_at", Sat, 30 Aug 2014 14:58:30 UTC +00:00], ["name", "silver"], ["resource_id", nil], ["resource_type", nil], ["updated_at", Sat, 30 Aug 2014 14:58:30 UTC +00:00]]
  [1m[36m (0.8ms)[0m  [1mcommit transaction[0m
  [1m[35mRole Load (0.2ms)[0m  SELECT "roles".* FROM "roles" WHERE "roles"."name" = 'gold' LIMIT 1
  [1m[36m (0.0ms)[0m  [1mbegin transaction[0m
  [1m[35mSQL (0.4ms)[0m  INSERT INTO "roles" ("created_at", "name", "resource_id", "resource_type", "updated_at") VALUES (?, ?, ?, ?, ?)  [["created_at", Sat, 30 Aug 2014 14:58:30 UTC +00:00], ["name", "gold"], ["resource_id", nil], ["resource_type", nil], ["updated_at", Sat, 30 Aug 2014 14:58:30 UTC +00:00]]
  [1m[36m (0.8ms)[0m  [1mcommit transaction[0m
  [1m[35mRole Load (0.1ms)[0m  SELECT "roles".* FROM "roles" WHERE "roles"."name" = 'platinum' LIMIT 1
  [1m[36m (0.0ms)[0m  [1mbegin transaction[0m
  [1m[35mSQL (0.2ms)[0m  INSERT INTO "roles" ("created_at", "name", "resource_id", "resource_type", "updated_at") VALUES (?, ?, ?, ?, ?)  [["created_at", Sat, 30 Aug 2014 14:58:30 UTC +00:00], ["name", "platinum"], ["resource_id", nil], ["resource_type", nil], ["updated_at", Sat, 30 Aug 2014 14:58:30 UTC +00:00]]
  [1m[36m (0.8ms)[0m  [1mcommit transaction[0m
  [1m[35mUser Load (0.1ms)[0m  SELECT "users".* FROM "users" WHERE "users"."email" = 'user@example.com' LIMIT 1
  [1m[36m (0.1ms)[0m  [1mbegin transaction[0m
  [1m[35mUser Exists (0.1ms)[0m  SELECT 1 AS one FROM "users" WHERE "users"."email" = 'user@example.com' LIMIT 1
Binary data inserted for `string` type on column `encrypted_password`
  [1m[36mSQL (0.4ms)[0m  [1mINSERT INTO "users" ("created_at", "current_sign_in_at", "current_sign_in_ip", "customer_id", "email", "encrypted_password", "last_4_digits", "last_sign_in_at", "last_sign_in_ip", "name", "remember_created_at", "reset_password_sent_at", "reset_password_token", "sign_in_count", "updated_at") VALUES (?, ?, ?, ?, ?, ?, ?, ?, ?, ?, ?, ?, ?, ?, ?)[0m  [["created_at", Sat, 30 Aug 2014 14:58:30 UTC +00:00], ["current_sign_in_at", nil], ["current_sign_in_ip", nil], ["customer_id", nil], ["email", "user@example.com"], ["encrypted_password", "$2a$10$MLYvpuvpR9eYV8lENWQdH.KJ2HSToUFQHjjIOlB2d7NCZRmPrlTLW"], ["last_4_digits", nil], ["last_sign_in_at", nil], ["last_sign_in_ip", nil], ["name", "First User"], ["remember_created_at", nil], ["reset_password_sent_at", nil], ["reset_password_token", nil], ["sign_in_count", 0], ["updated_at", Sat, 30 Aug 2014 14:58:30 UTC +00:00]]
  [1m[35m (0.8ms)[0m  commit transaction
  [1m[36mRole Load (0.2ms)[0m  [1mSELECT "roles".* FROM "roles" WHERE "roles"."name" = 'admin' AND "roles"."resource_type" IS NULL AND "roles"."resource_id" IS NULL LIMIT 1[0m
  [1m[35mRole Exists (0.1ms)[0m  SELECT 1 AS one FROM "roles" INNER JOIN "users_roles" ON "roles"."id" = "users_roles"."role_id" WHERE "users_roles"."user_id" = 1 AND "roles"."id" = 1 LIMIT 1
  [1m[36m (0.1ms)[0m  [1mSELECT "roles".id FROM "roles" INNER JOIN "users_roles" ON "roles"."id" = "users_roles"."role_id" WHERE "users_roles"."user_id" = 1[0m
  [1m[35mRole Load (0.2ms)[0m  SELECT "roles".* FROM "roles" WHERE "roles"."id" = ? LIMIT 1  [["id", 1]]
  [1m[36mRole Load (0.1ms)[0m  [1mSELECT "roles".* FROM "roles" INNER JOIN "users_roles" ON "roles"."id" = "users_roles"."role_id" WHERE "users_roles"."user_id" = 1[0m
  [1m[35m (0.0ms)[0m  begin transaction
  [1m[36m (0.3ms)[0m  [1mINSERT INTO "users_roles" ("user_id", "role_id") VALUES (1, 1)[0m
  [1m[35m (0.9ms)[0m  commit transaction
  [1m[36mUser Load (0.9ms)[0m  [1mSELECT "users".* FROM "users" WHERE "users"."email" = 'user2@example.com' LIMIT 1[0m
  [1m[35m (0.1ms)[0m  begin transaction
  [1m[36mUser Exists (0.1ms)[0m  [1mSELECT 1 AS one FROM "users" WHERE "users"."email" = 'user2@example.com' LIMIT 1[0m
Binary data inserted for `string` type on column `encrypted_password`
  [1m[35mSQL (0.3ms)[0m  INSERT INTO "users" ("created_at", "current_sign_in_at", "current_sign_in_ip", "customer_id", "email", "encrypted_password", "last_4_digits", "last_sign_in_at", "last_sign_in_ip", "name", "remember_created_at", "reset_password_sent_at", "reset_password_token", "sign_in_count", "updated_at") VALUES (?, ?, ?, ?, ?, ?, ?, ?, ?, ?, ?, ?, ?, ?, ?)  [["created_at", Sat, 30 Aug 2014 14:58:30 UTC +00:00], ["current_sign_in_at", nil], ["current_sign_in_ip", nil], ["customer_id", nil], ["email", "user2@example.com"], ["encrypted_password", "$2a$10$0fnax.N.1JcnbS4T9cSD5.7QNC5RakUXf5TC6dfIp1t189oyOlrs."], ["last_4_digits", nil], ["last_sign_in_at", nil], ["last_sign_in_ip", nil], ["name", "Silver User"], ["remember_created_at", nil], ["reset_password_sent_at", nil], ["reset_password_token", nil], ["sign_in_count", 0], ["updated_at", Sat, 30 Aug 2014 14:58:30 UTC +00:00]]
  [1m[36m (8.9ms)[0m  [1mcommit transaction[0m
  [1m[35mRole Load (0.1ms)[0m  SELECT "roles".* FROM "roles" WHERE "roles"."name" = 'silver' AND "roles"."resource_type" IS NULL AND "roles"."resource_id" IS NULL LIMIT 1
  [1m[36mRole Exists (0.1ms)[0m  [1mSELECT 1 AS one FROM "roles" INNER JOIN "users_roles" ON "roles"."id" = "users_roles"."role_id" WHERE "users_roles"."user_id" = 2 AND "roles"."id" = 2 LIMIT 1[0m
  [1m[35m (0.1ms)[0m  SELECT "roles".id FROM "roles" INNER JOIN "users_roles" ON "roles"."id" = "users_roles"."role_id" WHERE "users_roles"."user_id" = 2
  [1m[36mRole Load (0.1ms)[0m  [1mSELECT "roles".* FROM "roles" WHERE "roles"."id" = ? LIMIT 1[0m  [["id", 2]]
  [1m[35mRole Load (0.1ms)[0m  SELECT "roles".* FROM "roles" INNER JOIN "users_roles" ON "roles"."id" = "users_roles"."role_id" WHERE "users_roles"."user_id" = 2
  [1m[36m (0.0ms)[0m  [1mbegin transaction[0m
  [1m[35m (0.2ms)[0m  INSERT INTO "users_roles" ("user_id", "role_id") VALUES (2, 2)
  [1m[36m (0.7ms)[0m  [1mcommit transaction[0m
  [1m[35mUser Load (0.1ms)[0m  SELECT "users".* FROM "users" WHERE "users"."email" = 'user3@example.com' LIMIT 1
  [1m[36m (0.0ms)[0m  [1mbegin transaction[0m
  [1m[35mUser Exists (0.1ms)[0m  SELECT 1 AS one FROM "users" WHERE "users"."email" = 'user3@example.com' LIMIT 1
Binary data inserted for `string` type on column `encrypted_password`
  [1m[36mSQL (0.3ms)[0m  [1mINSERT INTO "users" ("created_at", "current_sign_in_at", "current_sign_in_ip", "customer_id", "email", "encrypted_password", "last_4_digits", "last_sign_in_at", "last_sign_in_ip", "name", "remember_created_at", "reset_password_sent_at", "reset_password_token", "sign_in_count", "updated_at") VALUES (?, ?, ?, ?, ?, ?, ?, ?, ?, ?, ?, ?, ?, ?, ?)[0m  [["created_at", Sat, 30 Aug 2014 14:58:30 UTC +00:00], ["current_sign_in_at", nil], ["current_sign_in_ip", nil], ["customer_id", nil], ["email", "user3@example.com"], ["encrypted_password", "$2a$10$CkIJXkC1/PbIMkoOKzRXh.8bJA2Th/YJ4QV.kCwXtvyDZzEl8JDtK"], ["last_4_digits", nil], ["last_sign_in_at", nil], ["last_sign_in_ip", nil], ["name", "Gold User"], ["remember_created_at", nil], ["reset_password_sent_at", nil], ["reset_password_token", nil], ["sign_in_count", 0], ["updated_at", Sat, 30 Aug 2014 14:58:30 UTC +00:00]]
  [1m[35m (0.9ms)[0m  commit transaction
  [1m[36mRole Load (0.1ms)[0m  [1mSELECT "roles".* FROM "roles" WHERE "roles"."name" = 'gold' AND "roles"."resource_type" IS NULL AND "roles"."resource_id" IS NULL LIMIT 1[0m
  [1m[35mRole Exists (0.1ms)[0m  SELECT 1 AS one FROM "roles" INNER JOIN "users_roles" ON "roles"."id" = "users_roles"."role_id" WHERE "users_roles"."user_id" = 3 AND "roles"."id" = 3 LIMIT 1
  [1m[36m (0.1ms)[0m  [1mSELECT "roles".id FROM "roles" INNER JOIN "users_roles" ON "roles"."id" = "users_roles"."role_id" WHERE "users_roles"."user_id" = 3[0m
  [1m[35mRole Load (0.0ms)[0m  SELECT "roles".* FROM "roles" WHERE "roles"."id" = ? LIMIT 1  [["id", 3]]
  [1m[36mRole Load (0.1ms)[0m  [1mSELECT "roles".* FROM "roles" INNER JOIN "users_roles" ON "roles"."id" = "users_roles"."role_id" WHERE "users_roles"."user_id" = 3[0m
  [1m[35m (0.0ms)[0m  begin transaction
  [1m[36m (0.1ms)[0m  [1mINSERT INTO "users_roles" ("user_id", "role_id") VALUES (3, 3)[0m
  [1m[35m (0.8ms)[0m  commit transaction
  [1m[36mUser Load (0.1ms)[0m  [1mSELECT "users".* FROM "users" WHERE "users"."email" = 'user4@example.com' LIMIT 1[0m
  [1m[35m (0.0ms)[0m  begin transaction
  [1m[36mUser Exists (0.1ms)[0m  [1mSELECT 1 AS one FROM "users" WHERE "users"."email" = 'user4@example.com' LIMIT 1[0m
Binary data inserted for `string` type on column `encrypted_password`
  [1m[35mSQL (0.3ms)[0m  INSERT INTO "users" ("created_at", "current_sign_in_at", "current_sign_in_ip", "customer_id", "email", "encrypted_password", "last_4_digits", "last_sign_in_at", "last_sign_in_ip", "name", "remember_created_at", "reset_password_sent_at", "reset_password_token", "sign_in_count", "updated_at") VALUES (?, ?, ?, ?, ?, ?, ?, ?, ?, ?, ?, ?, ?, ?, ?)  [["created_at", Sat, 30 Aug 2014 14:58:30 UTC +00:00], ["current_sign_in_at", nil], ["current_sign_in_ip", nil], ["customer_id", nil], ["email", "user4@example.com"], ["encrypted_password", "$2a$10$OioYu6VWDMxp/TCpfPSgIOCyGblvDd2/xv8GJ9ExUrlVeg4ZVLX2i"], ["last_4_digits", nil], ["last_sign_in_at", nil], ["last_sign_in_ip", nil], ["name", "Platinum User"], ["remember_created_at", nil], ["reset_password_sent_at", nil], ["reset_password_token", nil], ["sign_in_count", 0], ["updated_at", Sat, 30 Aug 2014 14:58:30 UTC +00:00]]
  [1m[36m (0.6ms)[0m  [1mcommit transaction[0m
  [1m[35mRole Load (0.1ms)[0m  SELECT "roles".* FROM "roles" WHERE "roles"."name" = 'platinum' AND "roles"."resource_type" IS NULL AND "roles"."resource_id" IS NULL LIMIT 1
  [1m[36mRole Exists (0.1ms)[0m  [1mSELECT 1 AS one FROM "roles" INNER JOIN "users_roles" ON "roles"."id" = "users_roles"."role_id" WHERE "users_roles"."user_id" = 4 AND "roles"."id" = 4 LIMIT 1[0m
  [1m[35m (0.1ms)[0m  SELECT "roles".id FROM "roles" INNER JOIN "users_roles" ON "roles"."id" = "users_roles"."role_id" WHERE "users_roles"."user_id" = 4
  [1m[36mRole Load (0.0ms)[0m  [1mSELECT "roles".* FROM "roles" WHERE "roles"."id" = ? LIMIT 1[0m  [["id", 4]]
  [1m[35mRole Load (0.1ms)[0m  SELECT "roles".* FROM "roles" INNER JOIN "users_roles" ON "roles"."id" = "users_roles"."role_id" WHERE "users_roles"."user_id" = 4
  [1m[36m (0.0ms)[0m  [1mbegin transaction[0m
  [1m[35m (0.1ms)[0m  INSERT INTO "users_roles" ("user_id", "role_id") VALUES (4, 4)
  [1m[36m (0.8ms)[0m  [1mcommit transaction[0m
Connecting to database specified by database.yml


Started GET "/" for 127.0.0.1 at 2014-08-30 16:04:37 +0100
Processing by HomeController#index as HTML
  Rendered home/index.html.erb within layouts/application (1.6ms)
Compiled bootstrap_and_overrides.css  (2066ms)  (pid 1205)
Compiled home.css  (1ms)  (pid 1205)
Compiled pricing.css  (4ms)  (pid 1205)
Compiled application.css  (2089ms)  (pid 1205)
Compiled jquery.js  (4ms)  (pid 1205)
Compiled jquery_ujs.js  (0ms)  (pid 1205)
Compiled bootstrap-transition.js  (0ms)  (pid 1205)
Compiled bootstrap-affix.js  (0ms)  (pid 1205)
Compiled bootstrap-alert.js  (0ms)  (pid 1205)
Compiled bootstrap-button.js  (0ms)  (pid 1205)
Compiled bootstrap-carousel.js  (0ms)  (pid 1205)
Compiled bootstrap-collapse.js  (0ms)  (pid 1205)
Compiled bootstrap-dropdown.js  (0ms)  (pid 1205)
Compiled bootstrap-modal.js  (0ms)  (pid 1205)
Compiled bootstrap-scrollspy.js  (0ms)  (pid 1205)
Compiled bootstrap-tab.js  (0ms)  (pid 1205)
Compiled bootstrap-tooltip.js  (0ms)  (pid 1205)
Compiled bootstrap-popover.js  (0ms)  (pid 1205)
Compiled bootstrap-typeahead.js  (0ms)  (pid 1205)
Compiled bootstrap.js  (94ms)  (pid 1205)
Compiled home.js  (60ms)  (pid 1205)
Compiled jquery.externalscript.js  (0ms)  (pid 1205)
Compiled jquery.readyselector.js  (0ms)  (pid 1205)
Compiled registrations.js  (0ms)  (pid 1205)
Compiled application.js  (191ms)  (pid 1205)
  Rendered layouts/_navigation.html.erb (2.0ms)
  Rendered layouts/_messages.html.erb (0.9ms)
Completed 200 OK in 2421ms (Views: 2421.0ms | ActiveRecord: 0.0ms)


Started GET "/users/sign_up?plan=silver" for 127.0.0.1 at 2014-08-30 16:04:44 +0100
Processing by RegistrationsController#new as HTML
  Parameters: {"plan"=>"silver"}
  [1m[36mRole Load (0.2ms)[0m  [1mSELECT "roles".* FROM "roles" WHERE "roles"."name" = 'silver' AND "roles"."resource_type" IS NULL AND "roles"."resource_id" IS NULL LIMIT 1[0m
  [1m[35mRole Exists (0.1ms)[0m  SELECT 1 AS one FROM "roles" INNER JOIN "users_roles" ON "roles"."id" = "users_roles"."role_id" WHERE "users_roles"."user_id" IS NULL AND "roles"."id" = 2 LIMIT 1
  [1m[36m (0.1ms)[0m  [1mSELECT "roles".id FROM "roles" INNER JOIN "users_roles" ON "roles"."id" = "users_roles"."role_id" WHERE "users_roles"."user_id" IS NULL[0m
  [1m[35mRole Load (3.1ms)[0m  SELECT "roles".* FROM "roles" WHERE "roles"."id" = ? LIMIT 1  [["id", 2]]
  Rendered devise/registrations/new.html.erb within layouts/application (59.9ms)
  Rendered layouts/_navigation.html.erb (0.5ms)
  Rendered layouts/_messages.html.erb (0.0ms)
Completed 200 OK in 193ms (Views: 85.2ms | ActiveRecord: 5.8ms)
Connecting to database specified by database.yml


Started GET "/users/sign_up?plan=silver" for 127.0.0.1 at 2014-08-30 16:06:53 +0100
Processing by RegistrationsController#new as HTML
  Parameters: {"plan"=>"silver"}
Redirected to http://localhost:3000/
Completed 302 Found in 1ms (ActiveRecord: 0.0ms)


Started GET "/" for 127.0.0.1 at 2014-08-30 16:06:53 +0100
Processing by HomeController#index as HTML
  Rendered home/index.html.erb within layouts/application (1.5ms)
  Rendered layouts/_navigation.html.erb (1.0ms)
  Rendered layouts/_messages.html.erb (0.4ms)
Completed 200 OK in 86ms (Views: 85.7ms | ActiveRecord: 0.0ms)


Started GET "/users/sign_up?plan=silver" for 127.0.0.1 at 2014-08-30 16:06:55 +0100
Processing by RegistrationsController#new as HTML
  Parameters: {"plan"=>"silver"}
Redirected to http://localhost:3000/
Completed 302 Found in 0ms (ActiveRecord: 0.0ms)


Started GET "/" for 127.0.0.1 at 2014-08-30 16:06:55 +0100
Processing by HomeController#index as HTML
  Rendered home/index.html.erb within layouts/application (0.5ms)
  Rendered layouts/_navigation.html.erb (0.8ms)
  Rendered layouts/_messages.html.erb (0.1ms)
Completed 200 OK in 31ms (Views: 30.9ms | ActiveRecord: 0.0ms)


Started GET "/users/sign_up?plan=silver" for 127.0.0.1 at 2014-08-30 16:06:58 +0100
Processing by RegistrationsController#new as HTML
  Parameters: {"plan"=>"silver"}
Redirected to http://localhost:3000/
Completed 302 Found in 0ms (ActiveRecord: 0.0ms)


Started GET "/" for 127.0.0.1 at 2014-08-30 16:06:58 +0100
Processing by HomeController#index as HTML
  Rendered home/index.html.erb within layouts/application (0.7ms)
  Rendered layouts/_navigation.html.erb (0.7ms)
  Rendered layouts/_messages.html.erb (0.1ms)
Completed 200 OK in 26ms (Views: 25.8ms | ActiveRecord: 0.0ms)


Started GET "/users/sign_up?plan=gold" for 127.0.0.1 at 2014-08-30 16:07:00 +0100
Processing by RegistrationsController#new as HTML
  Parameters: {"plan"=>"gold"}
Redirected to http://localhost:3000/
Completed 302 Found in 0ms (ActiveRecord: 0.0ms)


Started GET "/" for 127.0.0.1 at 2014-08-30 16:07:00 +0100
Processing by HomeController#index as HTML
  Rendered home/index.html.erb within layouts/application (0.4ms)
  Rendered layouts/_navigation.html.erb (0.5ms)
  Rendered layouts/_messages.html.erb (0.1ms)
Completed 200 OK in 65ms (Views: 65.2ms | ActiveRecord: 0.0ms)


Started GET "/" for 127.0.0.1 at 2014-08-30 16:07:05 +0100
Processing by HomeController#index as HTML
  Rendered home/index.html.erb within layouts/application (0.4ms)
  Rendered layouts/_navigation.html.erb (0.5ms)
  Rendered layouts/_messages.html.erb (0.0ms)
Completed 200 OK in 22ms (Views: 22.1ms | ActiveRecord: 0.0ms)


Started GET "/users/sign_up?plan=silver" for 127.0.0.1 at 2014-08-30 16:07:07 +0100
Processing by RegistrationsController#new as HTML
  Parameters: {"plan"=>"silver"}
Redirected to http://localhost:3000/
Completed 302 Found in 0ms (ActiveRecord: 0.0ms)


Started GET "/" for 127.0.0.1 at 2014-08-30 16:07:07 +0100
Processing by HomeController#index as HTML
  Rendered home/index.html.erb within layouts/application (0.4ms)
  Rendered layouts/_navigation.html.erb (0.4ms)
  Rendered layouts/_messages.html.erb (0.1ms)
Completed 200 OK in 59ms (Views: 58.8ms | ActiveRecord: 0.0ms)


Started GET "/users/sign_up?plan=gold" for 127.0.0.1 at 2014-08-30 16:07:11 +0100
Processing by RegistrationsController#new as HTML
  Parameters: {"plan"=>"gold"}
Redirected to http://localhost:3000/
Completed 302 Found in 0ms (ActiveRecord: 0.0ms)


Started GET "/" for 127.0.0.1 at 2014-08-30 16:07:11 +0100
Processing by HomeController#index as HTML
  Rendered home/index.html.erb within layouts/application (0.5ms)
  Rendered layouts/_navigation.html.erb (0.4ms)
  Rendered layouts/_messages.html.erb (0.0ms)
Completed 200 OK in 23ms (Views: 23.2ms | ActiveRecord: 0.0ms)
Connecting to database specified by database.yml


Started GET "/" for 127.0.0.1 at 2014-08-30 16:07:34 +0100
Processing by HomeController#index as HTML
  Rendered home/index.html.erb within layouts/application (1.5ms)
  Rendered layouts/_navigation.html.erb (1.0ms)
  Rendered layouts/_messages.html.erb (0.3ms)
Completed 200 OK in 77ms (Views: 76.3ms | ActiveRecord: 0.0ms)


Started GET "/users/sign_up?plan=gold" for 127.0.0.1 at 2014-08-30 16:07:36 +0100
Processing by RegistrationsController#new as HTML
  Parameters: {"plan"=>"gold"}
Redirected to http://localhost:3000/
Completed 302 Found in 1ms (ActiveRecord: 0.0ms)


Started GET "/" for 127.0.0.1 at 2014-08-30 16:07:36 +0100
Processing by HomeController#index as HTML
  Rendered home/index.html.erb within layouts/application (0.5ms)
  Rendered layouts/_navigation.html.erb (0.5ms)
  Rendered layouts/_messages.html.erb (0.1ms)
Completed 200 OK in 24ms (Views: 23.7ms | ActiveRecord: 0.0ms)


Started GET "/users/sign_in" for 127.0.0.1 at 2014-08-30 16:08:16 +0100
Processing by Devise::SessionsController#new as HTML
  Rendered devise/shared/_links.html.erb (1.6ms)
  Rendered devise/sessions/new.html.erb within layouts/application (59.3ms)
  Rendered layouts/_navigation.html.erb (0.5ms)
  Rendered layouts/_messages.html.erb (0.0ms)
Completed 200 OK in 103ms (Views: 81.7ms | ActiveRecord: 1.3ms)


Started POST "/users/sign_in" for 127.0.0.1 at 2014-08-30 16:08:23 +0100
Processing by Devise::SessionsController#create as HTML
  Parameters: {"utf8"=>"✓", "authenticity_token"=>"tqvANfJUGtC1LF5RQPNLCJNWwvdxqoz3EKxTyiC7oNg=", "user"=>{"email"=>"michael@pampr.ie", "password"=>"[FILTERED]", "remember_me"=>"0"}, "commit"=>"Sign in"}
  [1m[36mUser Load (0.2ms)[0m  [1mSELECT "users".* FROM "users" WHERE "users"."email" = 'michael@pampr.ie' LIMIT 1[0m
Completed 401 Unauthorized in 7ms
Processing by Devise::SessionsController#new as HTML
  Parameters: {"utf8"=>"✓", "authenticity_token"=>"tqvANfJUGtC1LF5RQPNLCJNWwvdxqoz3EKxTyiC7oNg=", "user"=>{"email"=>"michael@pampr.ie", "password"=>"[FILTERED]", "remember_me"=>"0"}, "commit"=>"Sign in"}
  Rendered devise/shared/_links.html.erb (0.3ms)
  Rendered devise/sessions/new.html.erb within layouts/application (4.6ms)
  Rendered layouts/_navigation.html.erb (0.4ms)
  Rendered layouts/_messages.html.erb (0.1ms)
Completed 200 OK in 92ms (Views: 26.5ms | ActiveRecord: 0.0ms)
Connecting to database specified by database.yml


Started GET "/" for 127.0.0.1 at 2014-08-30 16:09:38 +0100
Processing by HomeController#index as HTML
  Rendered home/index.html.erb within layouts/application (2.2ms)
  Rendered layouts/_navigation.html.erb (1.0ms)
  Rendered layouts/_messages.html.erb (0.3ms)
Completed 200 OK in 85ms (Views: 84.8ms | ActiveRecord: 0.0ms)


Started GET "/users/sign_up?plan=gold" for 127.0.0.1 at 2014-08-30 16:09:40 +0100
Processing by RegistrationsController#new as HTML
  Parameters: {"plan"=>"gold"}
  [1m[36mRole Load (0.1ms)[0m  [1mSELECT "roles".* FROM "roles" WHERE "roles"."name" = 'gold' AND "roles"."resource_type" IS NULL AND "roles"."resource_id" IS NULL LIMIT 1[0m
  [1m[35mRole Exists (0.1ms)[0m  SELECT 1 AS one FROM "roles" INNER JOIN "users_roles" ON "roles"."id" = "users_roles"."role_id" WHERE "users_roles"."user_id" IS NULL AND "roles"."id" = 3 LIMIT 1
  [1m[36m (0.1ms)[0m  [1mSELECT "roles".id FROM "roles" INNER JOIN "users_roles" ON "roles"."id" = "users_roles"."role_id" WHERE "users_roles"."user_id" IS NULL[0m
  [1m[35mRole Load (1.9ms)[0m  SELECT "roles".* FROM "roles" WHERE "roles"."id" = ? LIMIT 1  [["id", 3]]
  Rendered devise/registrations/new.html.erb within layouts/application (56.8ms)
  Rendered layouts/_navigation.html.erb (0.6ms)
  Rendered layouts/_messages.html.erb (0.1ms)
Completed 200 OK in 178ms (Views: 94.6ms | ActiveRecord: 3.4ms)


Started POST "/users" for 127.0.0.1 at 2014-08-30 16:10:20 +0100
Processing by RegistrationsController#create as HTML
  Parameters: {"utf8"=>"✓", "authenticity_token"=>"tqvANfJUGtC1LF5RQPNLCJNWwvdxqoz3EKxTyiC7oNg=", "plan"=>"gold", "user"=>{"name"=>"Michael Scherbaum", "email"=>"michaelsherbaum@gmx.net", "password"=>"[FILTERED]", "password_confirmation"=>"[FILTERED]", "coupon"=>"", "stripe_token"=>"tok_14XDUeICslXClnW2SktAwHC6"}}
  [1m[36mRole Load (0.1ms)[0m  [1mSELECT "roles".* FROM "roles" WHERE "roles"."name" = 'gold' AND "roles"."resource_type" IS NULL AND "roles"."resource_id" IS NULL LIMIT 1[0m
  [1m[35mRole Exists (0.1ms)[0m  SELECT 1 AS one FROM "roles" INNER JOIN "users_roles" ON "roles"."id" = "users_roles"."role_id" WHERE "users_roles"."user_id" IS NULL AND "roles"."id" = 3 LIMIT 1
  [1m[36m (0.1ms)[0m  [1mSELECT "roles".id FROM "roles" INNER JOIN "users_roles" ON "roles"."id" = "users_roles"."role_id" WHERE "users_roles"."user_id" IS NULL[0m
  [1m[35mRole Load (0.1ms)[0m  SELECT "roles".* FROM "roles" WHERE "roles"."id" = ? LIMIT 1  [["id", 3]]
  [1m[36m (0.0ms)[0m  [1mbegin transaction[0m
  [1m[35mUser Exists (0.1ms)[0m  SELECT 1 AS one FROM "users" WHERE "users"."email" = 'michaelsherbaum@gmx.net' LIMIT 1
Binary data inserted for `string` type on column `encrypted_password`
  [1m[36mSQL (1.7ms)[0m  [1mINSERT INTO "users" ("created_at", "current_sign_in_at", "current_sign_in_ip", "customer_id", "email", "encrypted_password", "last_4_digits", "last_sign_in_at", "last_sign_in_ip", "name", "remember_created_at", "reset_password_sent_at", "reset_password_token", "sign_in_count", "updated_at") VALUES (?, ?, ?, ?, ?, ?, ?, ?, ?, ?, ?, ?, ?, ?, ?)[0m  [["created_at", Sat, 30 Aug 2014 15:10:22 UTC +00:00], ["current_sign_in_at", nil], ["current_sign_in_ip", nil], ["customer_id", "cus_4gagPqSHrOtsz7"], ["email", "michaelsherbaum@gmx.net"], ["encrypted_password", "$2a$10$QVsbEpweg833oH6eeDm9zOsyW71vXF2AvvC3vUS3cO12DpZ2QD9Yi"], ["last_4_digits", "4242"], ["last_sign_in_at", nil], ["last_sign_in_ip", nil], ["name", "Michael Scherbaum"], ["remember_created_at", nil], ["reset_password_sent_at", nil], ["reset_password_token", nil], ["sign_in_count", 0], ["updated_at", Sat, 30 Aug 2014 15:10:22 UTC +00:00]]
  [1m[35m (0.1ms)[0m  INSERT INTO "users_roles" ("user_id", "role_id") VALUES (5, 3)
  [1m[36m (9.1ms)[0m  [1mcommit transaction[0m
  [1m[35m (0.1ms)[0m  begin transaction
  [1m[36m (0.3ms)[0m  [1mUPDATE "users" SET "last_sign_in_at" = '2014-08-30 15:10:22.799047', "current_sign_in_at" = '2014-08-30 15:10:22.799047', "last_sign_in_ip" = '127.0.0.1', "current_sign_in_ip" = '127.0.0.1', "sign_in_count" = 1, "updated_at" = '2014-08-30 15:10:25.552699' WHERE "users"."id" = 5[0m
  [1m[35m (8.1ms)[0m  commit transaction
Redirected to http://localhost:3000/content/gold
Completed 302 Found in 5083ms (ActiveRecord: 0.0ms)


Started GET "/content/gold" for 127.0.0.1 at 2014-08-30 16:10:25 +0100
Processing by ContentController#gold as HTML
  [1m[36mUser Load (0.1ms)[0m  [1mSELECT "users".* FROM "users" WHERE "users"."id" = 5 LIMIT 1[0m
  [1m[35m (0.2ms)[0m  SELECT COUNT(*) FROM "roles" INNER JOIN "users_roles" ON "roles"."id" = "users_roles"."role_id" WHERE "users_roles"."user_id" = 5 AND (((roles.name = 'admin') AND (roles.resource_type IS NULL) AND (roles.resource_id IS NULL)))
  [1m[36m (0.2ms)[0m  [1mSELECT COUNT(*) FROM "roles" INNER JOIN "users_roles" ON "roles"."id" = "users_roles"."role_id" WHERE "users_roles"."user_id" = 5 AND (((roles.name = 'silver') AND (roles.resource_type IS NULL) AND (roles.resource_id IS NULL)))[0m
  [1m[35m (0.2ms)[0m  SELECT COUNT(*) FROM "roles" INNER JOIN "users_roles" ON "roles"."id" = "users_roles"."role_id" WHERE "users_roles"."user_id" = 5 AND (((roles.name = 'gold') AND (roles.resource_type IS NULL) AND (roles.resource_id IS NULL)))
  [1m[36m (0.1ms)[0m  [1mSELECT COUNT(*) FROM "roles" INNER JOIN "users_roles" ON "roles"."id" = "users_roles"."role_id" WHERE "users_roles"."user_id" = 5 AND (((roles.name = 'platinum') AND (roles.resource_type IS NULL) AND (roles.resource_id IS NULL)))[0m
  Rendered content/gold.html.erb within layouts/application (0.3ms)
  [1m[35mCACHE (0.0ms)[0m  SELECT COUNT(*) FROM "roles" INNER JOIN "users_roles" ON "roles"."id" = "users_roles"."role_id" WHERE "users_roles"."user_id" = 5 AND (((roles.name = 'admin') AND (roles.resource_type IS NULL) AND (roles.resource_id IS NULL)))
  Rendered layouts/_navigation.html.erb (2.6ms)
  Rendered layouts/_messages.html.erb (0.2ms)
Completed 200 OK in 43ms (Views: 33.5ms | ActiveRecord: 0.7ms)


Started GET "/" for 127.0.0.1 at 2014-08-30 16:18:44 +0100
  [1m[36mUser Load (0.2ms)[0m  [1mSELECT "users".* FROM "users" WHERE "users"."id" = 5 LIMIT 1[0m
Processing by HomeController#index as HTML
  Rendered home/index.html.erb within layouts/application (1.2ms)
  [1m[35m (0.1ms)[0m  SELECT COUNT(*) FROM "roles" INNER JOIN "users_roles" ON "roles"."id" = "users_roles"."role_id" WHERE "users_roles"."user_id" = 5 AND (((roles.name = 'admin') AND (roles.resource_type IS NULL) AND (roles.resource_id IS NULL)))
  Rendered layouts/_navigation.html.erb (2.1ms)
  Rendered layouts/_messages.html.erb (0.1ms)
Completed 200 OK in 25ms (Views: 24.9ms | ActiveRecord: 0.1ms)


Started GET "/Jumbotron%20Template%20for%20Bootstrap_files/jumbotron.css" for 127.0.0.1 at 2014-08-30 16:18:44 +0100

ActionController::RoutingError (No route matches [GET] "/Jumbotron%20Template%20for%20Bootstrap_files/jumbotron.css"):
  actionpack (3.2.13) lib/action_dispatch/middleware/debug_exceptions.rb:21:in `call'
  actionpack (3.2.13) lib/action_dispatch/middleware/show_exceptions.rb:56:in `call'
  railties (3.2.13) lib/rails/rack/logger.rb:32:in `call_app'
  railties (3.2.13) lib/rails/rack/logger.rb:16:in `block in call'
  activesupport (3.2.13) lib/active_support/tagged_logging.rb:22:in `tagged'
  railties (3.2.13) lib/rails/rack/logger.rb:16:in `call'
  quiet_assets (1.0.2) lib/quiet_assets.rb:18:in `call_with_quiet_assets'
  actionpack (3.2.13) lib/action_dispatch/middleware/request_id.rb:22:in `call'
  rack (1.4.5) lib/rack/methodoverride.rb:21:in `call'
  rack (1.4.5) lib/rack/runtime.rb:17:in `call'
  activesupport (3.2.13) lib/active_support/cache/strategy/local_cache.rb:72:in `call'
  rack (1.4.5) lib/rack/lock.rb:15:in `call'
  actionpack (3.2.13) lib/action_dispatch/middleware/static.rb:63:in `call'
  railties (3.2.13) lib/rails/engine.rb:479:in `call'
  railties (3.2.13) lib/rails/application.rb:223:in `call'
  rack (1.4.5) lib/rack/content_length.rb:14:in `call'
  railties (3.2.13) lib/rails/rack/log_tailer.rb:17:in `call'
  rack (1.4.5) lib/rack/handler/webrick.rb:59:in `service'
  /System/Library/Frameworks/Ruby.framework/Versions/2.0/usr/lib/ruby/2.0.0/webrick/httpserver.rb:138:in `service'
  /System/Library/Frameworks/Ruby.framework/Versions/2.0/usr/lib/ruby/2.0.0/webrick/httpserver.rb:94:in `run'
  /System/Library/Frameworks/Ruby.framework/Versions/2.0/usr/lib/ruby/2.0.0/webrick/server.rb:295:in `block in start_thread'


  Rendered /Library/Ruby/Gems/2.0.0/gems/actionpack-3.2.13/lib/action_dispatch/middleware/templates/rescues/routing_error.erb within rescues/layout (0.4ms)


Started GET "/Jumbotron%20Template%20for%20Bootstrap_files/bootstrap.css" for 127.0.0.1 at 2014-08-30 16:18:44 +0100

ActionController::RoutingError (No route matches [GET] "/Jumbotron%20Template%20for%20Bootstrap_files/bootstrap.css"):
  actionpack (3.2.13) lib/action_dispatch/middleware/debug_exceptions.rb:21:in `call'
  actionpack (3.2.13) lib/action_dispatch/middleware/show_exceptions.rb:56:in `call'
  railties (3.2.13) lib/rails/rack/logger.rb:32:in `call_app'
  railties (3.2.13) lib/rails/rack/logger.rb:16:in `block in call'
  activesupport (3.2.13) lib/active_support/tagged_logging.rb:22:in `tagged'
  railties (3.2.13) lib/rails/rack/logger.rb:16:in `call'
  quiet_assets (1.0.2) lib/quiet_assets.rb:18:in `call_with_quiet_assets'
  actionpack (3.2.13) lib/action_dispatch/middleware/request_id.rb:22:in `call'
  rack (1.4.5) lib/rack/methodoverride.rb:21:in `call'
  rack (1.4.5) lib/rack/runtime.rb:17:in `call'
  activesupport (3.2.13) lib/active_support/cache/strategy/local_cache.rb:72:in `call'
  rack (1.4.5) lib/rack/lock.rb:15:in `call'
  actionpack (3.2.13) lib/action_dispatch/middleware/static.rb:63:in `call'
  railties (3.2.13) lib/rails/engine.rb:479:in `call'
  railties (3.2.13) lib/rails/application.rb:223:in `call'
  rack (1.4.5) lib/rack/content_length.rb:14:in `call'
  railties (3.2.13) lib/rails/rack/log_tailer.rb:17:in `call'
  rack (1.4.5) lib/rack/handler/webrick.rb:59:in `service'
  /System/Library/Frameworks/Ruby.framework/Versions/2.0/usr/lib/ruby/2.0.0/webrick/httpserver.rb:138:in `service'
  /System/Library/Frameworks/Ruby.framework/Versions/2.0/usr/lib/ruby/2.0.0/webrick/httpserver.rb:94:in `run'
  /System/Library/Frameworks/Ruby.framework/Versions/2.0/usr/lib/ruby/2.0.0/webrick/server.rb:295:in `block in start_thread'


  Rendered /Library/Ruby/Gems/2.0.0/gems/actionpack-3.2.13/lib/action_dispatch/middleware/templates/rescues/routing_error.erb within rescues/layout (0.4ms)


Started GET "/Jumbotron%20Template%20for%20Bootstrap_files/ie10-viewport-bug-workaround.js" for 127.0.0.1 at 2014-08-30 16:18:44 +0100

ActionController::RoutingError (No route matches [GET] "/Jumbotron%20Template%20for%20Bootstrap_files/ie10-viewport-bug-workaround.js"):
  actionpack (3.2.13) lib/action_dispatch/middleware/debug_exceptions.rb:21:in `call'
  actionpack (3.2.13) lib/action_dispatch/middleware/show_exceptions.rb:56:in `call'
  railties (3.2.13) lib/rails/rack/logger.rb:32:in `call_app'
  railties (3.2.13) lib/rails/rack/logger.rb:16:in `block in call'
  activesupport (3.2.13) lib/active_support/tagged_logging.rb:22:in `tagged'
  railties (3.2.13) lib/rails/rack/logger.rb:16:in `call'
  quiet_assets (1.0.2) lib/quiet_assets.rb:18:in `call_with_quiet_assets'
  actionpack (3.2.13) lib/action_dispatch/middleware/request_id.rb:22:in `call'
  rack (1.4.5) lib/rack/methodoverride.rb:21:in `call'
  rack (1.4.5) lib/rack/runtime.rb:17:in `call'
  activesupport (3.2.13) lib/active_support/cache/strategy/local_cache.rb:72:in `call'
  rack (1.4.5) lib/rack/lock.rb:15:in `call'
  actionpack (3.2.13) lib/action_dispatch/middleware/static.rb:63:in `call'
  railties (3.2.13) lib/rails/engine.rb:479:in `call'
  railties (3.2.13) lib/rails/application.rb:223:in `call'
  rack (1.4.5) lib/rack/content_length.rb:14:in `call'
  railties (3.2.13) lib/rails/rack/log_tailer.rb:17:in `call'
  rack (1.4.5) lib/rack/handler/webrick.rb:59:in `service'
  /System/Library/Frameworks/Ruby.framework/Versions/2.0/usr/lib/ruby/2.0.0/webrick/httpserver.rb:138:in `service'
  /System/Library/Frameworks/Ruby.framework/Versions/2.0/usr/lib/ruby/2.0.0/webrick/httpserver.rb:94:in `run'
  /System/Library/Frameworks/Ruby.framework/Versions/2.0/usr/lib/ruby/2.0.0/webrick/server.rb:295:in `block in start_thread'


  Rendered /Library/Ruby/Gems/2.0.0/gems/actionpack-3.2.13/lib/action_dispatch/middleware/templates/rescues/routing_error.erb within rescues/layout (0.5ms)


Started GET "/images/dog60.png" for 127.0.0.1 at 2014-08-30 16:18:44 +0100

ActionController::RoutingError (No route matches [GET] "/images/dog60.png"):
  actionpack (3.2.13) lib/action_dispatch/middleware/debug_exceptions.rb:21:in `call'
  actionpack (3.2.13) lib/action_dispatch/middleware/show_exceptions.rb:56:in `call'
  railties (3.2.13) lib/rails/rack/logger.rb:32:in `call_app'
  railties (3.2.13) lib/rails/rack/logger.rb:16:in `block in call'
  activesupport (3.2.13) lib/active_support/tagged_logging.rb:22:in `tagged'
  railties (3.2.13) lib/rails/rack/logger.rb:16:in `call'
  quiet_assets (1.0.2) lib/quiet_assets.rb:18:in `call_with_quiet_assets'
  actionpack (3.2.13) lib/action_dispatch/middleware/request_id.rb:22:in `call'
  rack (1.4.5) lib/rack/methodoverride.rb:21:in `call'
  rack (1.4.5) lib/rack/runtime.rb:17:in `call'
  activesupport (3.2.13) lib/active_support/cache/strategy/local_cache.rb:72:in `call'
  rack (1.4.5) lib/rack/lock.rb:15:in `call'
  actionpack (3.2.13) lib/action_dispatch/middleware/static.rb:63:in `call'
  railties (3.2.13) lib/rails/engine.rb:479:in `call'
  railties (3.2.13) lib/rails/application.rb:223:in `call'
  rack (1.4.5) lib/rack/content_length.rb:14:in `call'
  railties (3.2.13) lib/rails/rack/log_tailer.rb:17:in `call'
  rack (1.4.5) lib/rack/handler/webrick.rb:59:in `service'
  /System/Library/Frameworks/Ruby.framework/Versions/2.0/usr/lib/ruby/2.0.0/webrick/httpserver.rb:138:in `service'
  /System/Library/Frameworks/Ruby.framework/Versions/2.0/usr/lib/ruby/2.0.0/webrick/httpserver.rb:94:in `run'
  /System/Library/Frameworks/Ruby.framework/Versions/2.0/usr/lib/ruby/2.0.0/webrick/server.rb:295:in `block in start_thread'


  Rendered /Library/Ruby/Gems/2.0.0/gems/actionpack-3.2.13/lib/action_dispatch/middleware/templates/rescues/routing_error.erb within rescues/layout (0.7ms)


Started GET "/Jumbotron%20Template%20for%20Bootstrap_files/bootstrap.js" for 127.0.0.1 at 2014-08-30 16:18:44 +0100

ActionController::RoutingError (No route matches [GET] "/Jumbotron%20Template%20for%20Bootstrap_files/bootstrap.js"):
  actionpack (3.2.13) lib/action_dispatch/middleware/debug_exceptions.rb:21:in `call'
  actionpack (3.2.13) lib/action_dispatch/middleware/show_exceptions.rb:56:in `call'
  railties (3.2.13) lib/rails/rack/logger.rb:32:in `call_app'
  railties (3.2.13) lib/rails/rack/logger.rb:16:in `block in call'
  activesupport (3.2.13) lib/active_support/tagged_logging.rb:22:in `tagged'
  railties (3.2.13) lib/rails/rack/logger.rb:16:in `call'
  quiet_assets (1.0.2) lib/quiet_assets.rb:18:in `call_with_quiet_assets'
  actionpack (3.2.13) lib/action_dispatch/middleware/request_id.rb:22:in `call'
  rack (1.4.5) lib/rack/methodoverride.rb:21:in `call'
  rack (1.4.5) lib/rack/runtime.rb:17:in `call'
  activesupport (3.2.13) lib/active_support/cache/strategy/local_cache.rb:72:in `call'
  rack (1.4.5) lib/rack/lock.rb:15:in `call'
  actionpack (3.2.13) lib/action_dispatch/middleware/static.rb:63:in `call'
  railties (3.2.13) lib/rails/engine.rb:479:in `call'
  railties (3.2.13) lib/rails/application.rb:223:in `call'
  rack (1.4.5) lib/rack/content_length.rb:14:in `call'
  railties (3.2.13) lib/rails/rack/log_tailer.rb:17:in `call'
  rack (1.4.5) lib/rack/handler/webrick.rb:59:in `service'
  /System/Library/Frameworks/Ruby.framework/Versions/2.0/usr/lib/ruby/2.0.0/webrick/httpserver.rb:138:in `service'
  /System/Library/Frameworks/Ruby.framework/Versions/2.0/usr/lib/ruby/2.0.0/webrick/httpserver.rb:94:in `run'
  /System/Library/Frameworks/Ruby.framework/Versions/2.0/usr/lib/ruby/2.0.0/webrick/server.rb:295:in `block in start_thread'


  Rendered /Library/Ruby/Gems/2.0.0/gems/actionpack-3.2.13/lib/action_dispatch/middleware/templates/rescues/routing_error.erb within rescues/layout (0.6ms)


Started GET "/Jumbotron%20Template%20for%20Bootstrap_files/ie-emulation-modes-warning.js" for 127.0.0.1 at 2014-08-30 16:18:44 +0100

ActionController::RoutingError (No route matches [GET] "/Jumbotron%20Template%20for%20Bootstrap_files/ie-emulation-modes-warning.js"):
  actionpack (3.2.13) lib/action_dispatch/middleware/debug_exceptions.rb:21:in `call'
  actionpack (3.2.13) lib/action_dispatch/middleware/show_exceptions.rb:56:in `call'
  railties (3.2.13) lib/rails/rack/logger.rb:32:in `call_app'
  railties (3.2.13) lib/rails/rack/logger.rb:16:in `block in call'
  activesupport (3.2.13) lib/active_support/tagged_logging.rb:22:in `tagged'
  railties (3.2.13) lib/rails/rack/logger.rb:16:in `call'
  quiet_assets (1.0.2) lib/quiet_assets.rb:18:in `call_with_quiet_assets'
  actionpack (3.2.13) lib/action_dispatch/middleware/request_id.rb:22:in `call'
  rack (1.4.5) lib/rack/methodoverride.rb:21:in `call'
  rack (1.4.5) lib/rack/runtime.rb:17:in `call'
  activesupport (3.2.13) lib/active_support/cache/strategy/local_cache.rb:72:in `call'
  rack (1.4.5) lib/rack/lock.rb:15:in `call'
  actionpack (3.2.13) lib/action_dispatch/middleware/static.rb:63:in `call'
  railties (3.2.13) lib/rails/engine.rb:479:in `call'
  railties (3.2.13) lib/rails/application.rb:223:in `call'
  rack (1.4.5) lib/rack/content_length.rb:14:in `call'
  railties (3.2.13) lib/rails/rack/log_tailer.rb:17:in `call'
  rack (1.4.5) lib/rack/handler/webrick.rb:59:in `service'
  /System/Library/Frameworks/Ruby.framework/Versions/2.0/usr/lib/ruby/2.0.0/webrick/httpserver.rb:138:in `service'
  /System/Library/Frameworks/Ruby.framework/Versions/2.0/usr/lib/ruby/2.0.0/webrick/httpserver.rb:94:in `run'
  /System/Library/Frameworks/Ruby.framework/Versions/2.0/usr/lib/ruby/2.0.0/webrick/server.rb:295:in `block in start_thread'


  Rendered /Library/Ruby/Gems/2.0.0/gems/actionpack-3.2.13/lib/action_dispatch/middleware/templates/rescues/routing_error.erb within rescues/layout (0.4ms)


Started GET "/images/PAMPR.png" for 127.0.0.1 at 2014-08-30 16:18:44 +0100

ActionController::RoutingError (No route matches [GET] "/images/PAMPR.png"):
  actionpack (3.2.13) lib/action_dispatch/middleware/debug_exceptions.rb:21:in `call'
  actionpack (3.2.13) lib/action_dispatch/middleware/show_exceptions.rb:56:in `call'
  railties (3.2.13) lib/rails/rack/logger.rb:32:in `call_app'
  railties (3.2.13) lib/rails/rack/logger.rb:16:in `block in call'
  activesupport (3.2.13) lib/active_support/tagged_logging.rb:22:in `tagged'
  railties (3.2.13) lib/rails/rack/logger.rb:16:in `call'
  quiet_assets (1.0.2) lib/quiet_assets.rb:18:in `call_with_quiet_assets'
  actionpack (3.2.13) lib/action_dispatch/middleware/request_id.rb:22:in `call'
  rack (1.4.5) lib/rack/methodoverride.rb:21:in `call'
  rack (1.4.5) lib/rack/runtime.rb:17:in `call'
  activesupport (3.2.13) lib/active_support/cache/strategy/local_cache.rb:72:in `call'
  rack (1.4.5) lib/rack/lock.rb:15:in `call'
  actionpack (3.2.13) lib/action_dispatch/middleware/static.rb:63:in `call'
  railties (3.2.13) lib/rails/engine.rb:479:in `call'
  railties (3.2.13) lib/rails/application.rb:223:in `call'
  rack (1.4.5) lib/rack/content_length.rb:14:in `call'
  railties (3.2.13) lib/rails/rack/log_tailer.rb:17:in `call'
  rack (1.4.5) lib/rack/handler/webrick.rb:59:in `service'
  /System/Library/Frameworks/Ruby.framework/Versions/2.0/usr/lib/ruby/2.0.0/webrick/httpserver.rb:138:in `service'
  /System/Library/Frameworks/Ruby.framework/Versions/2.0/usr/lib/ruby/2.0.0/webrick/httpserver.rb:94:in `run'
  /System/Library/Frameworks/Ruby.framework/Versions/2.0/usr/lib/ruby/2.0.0/webrick/server.rb:295:in `block in start_thread'


  Rendered /Library/Ruby/Gems/2.0.0/gems/actionpack-3.2.13/lib/action_dispatch/middleware/templates/rescues/routing_error.erb within rescues/layout (0.7ms)


Started GET "/Jumbotron%20Template%20for%20Bootstrap_files/jquery.js" for 127.0.0.1 at 2014-08-30 16:18:44 +0100

ActionController::RoutingError (No route matches [GET] "/Jumbotron%20Template%20for%20Bootstrap_files/jquery.js"):
  actionpack (3.2.13) lib/action_dispatch/middleware/debug_exceptions.rb:21:in `call'
  actionpack (3.2.13) lib/action_dispatch/middleware/show_exceptions.rb:56:in `call'
  railties (3.2.13) lib/rails/rack/logger.rb:32:in `call_app'
  railties (3.2.13) lib/rails/rack/logger.rb:16:in `block in call'
  activesupport (3.2.13) lib/active_support/tagged_logging.rb:22:in `tagged'
  railties (3.2.13) lib/rails/rack/logger.rb:16:in `call'
  quiet_assets (1.0.2) lib/quiet_assets.rb:18:in `call_with_quiet_assets'
  actionpack (3.2.13) lib/action_dispatch/middleware/request_id.rb:22:in `call'
  rack (1.4.5) lib/rack/methodoverride.rb:21:in `call'
  rack (1.4.5) lib/rack/runtime.rb:17:in `call'
  activesupport (3.2.13) lib/active_support/cache/strategy/local_cache.rb:72:in `call'
  rack (1.4.5) lib/rack/lock.rb:15:in `call'
  actionpack (3.2.13) lib/action_dispatch/middleware/static.rb:63:in `call'
  railties (3.2.13) lib/rails/engine.rb:479:in `call'
  railties (3.2.13) lib/rails/application.rb:223:in `call'
  rack (1.4.5) lib/rack/content_length.rb:14:in `call'
  railties (3.2.13) lib/rails/rack/log_tailer.rb:17:in `call'
  rack (1.4.5) lib/rack/handler/webrick.rb:59:in `service'
  /System/Library/Frameworks/Ruby.framework/Versions/2.0/usr/lib/ruby/2.0.0/webrick/httpserver.rb:138:in `service'
  /System/Library/Frameworks/Ruby.framework/Versions/2.0/usr/lib/ruby/2.0.0/webrick/httpserver.rb:94:in `run'
  /System/Library/Frameworks/Ruby.framework/Versions/2.0/usr/lib/ruby/2.0.0/webrick/server.rb:295:in `block in start_thread'


  Rendered /Library/Ruby/Gems/2.0.0/gems/actionpack-3.2.13/lib/action_dispatch/middleware/templates/rescues/routing_error.erb within rescues/layout (0.4ms)


Started GET "/Jumbotron%20Template%20for%20Bootstrap_files/bootstrap.css" for 127.0.0.1 at 2014-08-30 16:18:44 +0100

ActionController::RoutingError (No route matches [GET] "/Jumbotron%20Template%20for%20Bootstrap_files/bootstrap.css"):
  actionpack (3.2.13) lib/action_dispatch/middleware/debug_exceptions.rb:21:in `call'
  actionpack (3.2.13) lib/action_dispatch/middleware/show_exceptions.rb:56:in `call'
  railties (3.2.13) lib/rails/rack/logger.rb:32:in `call_app'
  railties (3.2.13) lib/rails/rack/logger.rb:16:in `block in call'
  activesupport (3.2.13) lib/active_support/tagged_logging.rb:22:in `tagged'
  railties (3.2.13) lib/rails/rack/logger.rb:16:in `call'
  quiet_assets (1.0.2) lib/quiet_assets.rb:18:in `call_with_quiet_assets'
  actionpack (3.2.13) lib/action_dispatch/middleware/request_id.rb:22:in `call'
  rack (1.4.5) lib/rack/methodoverride.rb:21:in `call'
  rack (1.4.5) lib/rack/runtime.rb:17:in `call'
  activesupport (3.2.13) lib/active_support/cache/strategy/local_cache.rb:72:in `call'
  rack (1.4.5) lib/rack/lock.rb:15:in `call'
  actionpack (3.2.13) lib/action_dispatch/middleware/static.rb:63:in `call'
  railties (3.2.13) lib/rails/engine.rb:479:in `call'
  railties (3.2.13) lib/rails/application.rb:223:in `call'
  rack (1.4.5) lib/rack/content_length.rb:14:in `call'
  railties (3.2.13) lib/rails/rack/log_tailer.rb:17:in `call'
  rack (1.4.5) lib/rack/handler/webrick.rb:59:in `service'
  /System/Library/Frameworks/Ruby.framework/Versions/2.0/usr/lib/ruby/2.0.0/webrick/httpserver.rb:138:in `service'
  /System/Library/Frameworks/Ruby.framework/Versions/2.0/usr/lib/ruby/2.0.0/webrick/httpserver.rb:94:in `run'
  /System/Library/Frameworks/Ruby.framework/Versions/2.0/usr/lib/ruby/2.0.0/webrick/server.rb:295:in `block in start_thread'


  Rendered /Library/Ruby/Gems/2.0.0/gems/actionpack-3.2.13/lib/action_dispatch/middleware/templates/rescues/routing_error.erb within rescues/layout (0.7ms)


Started GET "/Jumbotron%20Template%20for%20Bootstrap_files/jumbotron.css" for 127.0.0.1 at 2014-08-30 16:18:44 +0100

ActionController::RoutingError (No route matches [GET] "/Jumbotron%20Template%20for%20Bootstrap_files/jumbotron.css"):
  actionpack (3.2.13) lib/action_dispatch/middleware/debug_exceptions.rb:21:in `call'
  actionpack (3.2.13) lib/action_dispatch/middleware/show_exceptions.rb:56:in `call'
  railties (3.2.13) lib/rails/rack/logger.rb:32:in `call_app'
  railties (3.2.13) lib/rails/rack/logger.rb:16:in `block in call'
  activesupport (3.2.13) lib/active_support/tagged_logging.rb:22:in `tagged'
  railties (3.2.13) lib/rails/rack/logger.rb:16:in `call'
  quiet_assets (1.0.2) lib/quiet_assets.rb:18:in `call_with_quiet_assets'
  actionpack (3.2.13) lib/action_dispatch/middleware/request_id.rb:22:in `call'
  rack (1.4.5) lib/rack/methodoverride.rb:21:in `call'
  rack (1.4.5) lib/rack/runtime.rb:17:in `call'
  activesupport (3.2.13) lib/active_support/cache/strategy/local_cache.rb:72:in `call'
  rack (1.4.5) lib/rack/lock.rb:15:in `call'
  actionpack (3.2.13) lib/action_dispatch/middleware/static.rb:63:in `call'
  railties (3.2.13) lib/rails/engine.rb:479:in `call'
  railties (3.2.13) lib/rails/application.rb:223:in `call'
  rack (1.4.5) lib/rack/content_length.rb:14:in `call'
  railties (3.2.13) lib/rails/rack/log_tailer.rb:17:in `call'
  rack (1.4.5) lib/rack/handler/webrick.rb:59:in `service'
  /System/Library/Frameworks/Ruby.framework/Versions/2.0/usr/lib/ruby/2.0.0/webrick/httpserver.rb:138:in `service'
  /System/Library/Frameworks/Ruby.framework/Versions/2.0/usr/lib/ruby/2.0.0/webrick/httpserver.rb:94:in `run'
  /System/Library/Frameworks/Ruby.framework/Versions/2.0/usr/lib/ruby/2.0.0/webrick/server.rb:295:in `block in start_thread'


  Rendered /Library/Ruby/Gems/2.0.0/gems/actionpack-3.2.13/lib/action_dispatch/middleware/templates/rescues/routing_error.erb within rescues/layout (45.8ms)


Started GET "/images/PAMPR.ico" for 127.0.0.1 at 2014-08-30 16:18:44 +0100

ActionController::RoutingError (No route matches [GET] "/images/PAMPR.ico"):
  actionpack (3.2.13) lib/action_dispatch/middleware/debug_exceptions.rb:21:in `call'
  actionpack (3.2.13) lib/action_dispatch/middleware/show_exceptions.rb:56:in `call'
  railties (3.2.13) lib/rails/rack/logger.rb:32:in `call_app'
  railties (3.2.13) lib/rails/rack/logger.rb:16:in `block in call'
  activesupport (3.2.13) lib/active_support/tagged_logging.rb:22:in `tagged'
  railties (3.2.13) lib/rails/rack/logger.rb:16:in `call'
  quiet_assets (1.0.2) lib/quiet_assets.rb:18:in `call_with_quiet_assets'
  actionpack (3.2.13) lib/action_dispatch/middleware/request_id.rb:22:in `call'
  rack (1.4.5) lib/rack/methodoverride.rb:21:in `call'
  rack (1.4.5) lib/rack/runtime.rb:17:in `call'
  activesupport (3.2.13) lib/active_support/cache/strategy/local_cache.rb:72:in `call'
  rack (1.4.5) lib/rack/lock.rb:15:in `call'
  actionpack (3.2.13) lib/action_dispatch/middleware/static.rb:63:in `call'
  railties (3.2.13) lib/rails/engine.rb:479:in `call'
  railties (3.2.13) lib/rails/application.rb:223:in `call'
  rack (1.4.5) lib/rack/content_length.rb:14:in `call'
  railties (3.2.13) lib/rails/rack/log_tailer.rb:17:in `call'
  rack (1.4.5) lib/rack/handler/webrick.rb:59:in `service'
  /System/Library/Frameworks/Ruby.framework/Versions/2.0/usr/lib/ruby/2.0.0/webrick/httpserver.rb:138:in `service'
  /System/Library/Frameworks/Ruby.framework/Versions/2.0/usr/lib/ruby/2.0.0/webrick/httpserver.rb:94:in `run'
  /System/Library/Frameworks/Ruby.framework/Versions/2.0/usr/lib/ruby/2.0.0/webrick/server.rb:295:in `block in start_thread'


  Rendered /Library/Ruby/Gems/2.0.0/gems/actionpack-3.2.13/lib/action_dispatch/middleware/templates/rescues/routing_error.erb within rescues/layout (0.5ms)


Started GET "/Jumbotron%20Template%20for%20Bootstrap_files/ie10-viewport-bug-workaround.js" for 127.0.0.1 at 2014-08-30 16:18:44 +0100

ActionController::RoutingError (No route matches [GET] "/Jumbotron%20Template%20for%20Bootstrap_files/ie10-viewport-bug-workaround.js"):
  actionpack (3.2.13) lib/action_dispatch/middleware/debug_exceptions.rb:21:in `call'
  actionpack (3.2.13) lib/action_dispatch/middleware/show_exceptions.rb:56:in `call'
  railties (3.2.13) lib/rails/rack/logger.rb:32:in `call_app'
  railties (3.2.13) lib/rails/rack/logger.rb:16:in `block in call'
  activesupport (3.2.13) lib/active_support/tagged_logging.rb:22:in `tagged'
  railties (3.2.13) lib/rails/rack/logger.rb:16:in `call'
  quiet_assets (1.0.2) lib/quiet_assets.rb:18:in `call_with_quiet_assets'
  actionpack (3.2.13) lib/action_dispatch/middleware/request_id.rb:22:in `call'
  rack (1.4.5) lib/rack/methodoverride.rb:21:in `call'
  rack (1.4.5) lib/rack/runtime.rb:17:in `call'
  activesupport (3.2.13) lib/active_support/cache/strategy/local_cache.rb:72:in `call'
  rack (1.4.5) lib/rack/lock.rb:15:in `call'
  actionpack (3.2.13) lib/action_dispatch/middleware/static.rb:63:in `call'
  railties (3.2.13) lib/rails/engine.rb:479:in `call'
  railties (3.2.13) lib/rails/application.rb:223:in `call'
  rack (1.4.5) lib/rack/content_length.rb:14:in `call'
  railties (3.2.13) lib/rails/rack/log_tailer.rb:17:in `call'
  rack (1.4.5) lib/rack/handler/webrick.rb:59:in `service'
  /System/Library/Frameworks/Ruby.framework/Versions/2.0/usr/lib/ruby/2.0.0/webrick/httpserver.rb:138:in `service'
  /System/Library/Frameworks/Ruby.framework/Versions/2.0/usr/lib/ruby/2.0.0/webrick/httpserver.rb:94:in `run'
  /System/Library/Frameworks/Ruby.framework/Versions/2.0/usr/lib/ruby/2.0.0/webrick/server.rb:295:in `block in start_thread'


  Rendered /Library/Ruby/Gems/2.0.0/gems/actionpack-3.2.13/lib/action_dispatch/middleware/templates/rescues/routing_error.erb within rescues/layout (0.7ms)


Started GET "/images/percentage1.png" for 127.0.0.1 at 2014-08-30 16:18:44 +0100

ActionController::RoutingError (No route matches [GET] "/images/percentage1.png"):
  actionpack (3.2.13) lib/action_dispatch/middleware/debug_exceptions.rb:21:in `call'
  actionpack (3.2.13) lib/action_dispatch/middleware/show_exceptions.rb:56:in `call'
  railties (3.2.13) lib/rails/rack/logger.rb:32:in `call_app'
  railties (3.2.13) lib/rails/rack/logger.rb:16:in `block in call'
  activesupport (3.2.13) lib/active_support/tagged_logging.rb:22:in `tagged'
  railties (3.2.13) lib/rails/rack/logger.rb:16:in `call'
  quiet_assets (1.0.2) lib/quiet_assets.rb:18:in `call_with_quiet_assets'
  actionpack (3.2.13) lib/action_dispatch/middleware/request_id.rb:22:in `call'
  rack (1.4.5) lib/rack/methodoverride.rb:21:in `call'
  rack (1.4.5) lib/rack/runtime.rb:17:in `call'
  activesupport (3.2.13) lib/active_support/cache/strategy/local_cache.rb:72:in `call'
  rack (1.4.5) lib/rack/lock.rb:15:in `call'
  actionpack (3.2.13) lib/action_dispatch/middleware/static.rb:63:in `call'
  railties (3.2.13) lib/rails/engine.rb:479:in `call'
  railties (3.2.13) lib/rails/application.rb:223:in `call'
  rack (1.4.5) lib/rack/content_length.rb:14:in `call'
  railties (3.2.13) lib/rails/rack/log_tailer.rb:17:in `call'
  rack (1.4.5) lib/rack/handler/webrick.rb:59:in `service'
  /System/Library/Frameworks/Ruby.framework/Versions/2.0/usr/lib/ruby/2.0.0/webrick/httpserver.rb:138:in `service'
  /System/Library/Frameworks/Ruby.framework/Versions/2.0/usr/lib/ruby/2.0.0/webrick/httpserver.rb:94:in `run'
  /System/Library/Frameworks/Ruby.framework/Versions/2.0/usr/lib/ruby/2.0.0/webrick/server.rb:295:in `block in start_thread'


  Rendered /Library/Ruby/Gems/2.0.0/gems/actionpack-3.2.13/lib/action_dispatch/middleware/templates/rescues/routing_error.erb within rescues/layout (0.5ms)


Started GET "/images/PAMPR.png" for 127.0.0.1 at 2014-08-30 16:18:44 +0100

ActionController::RoutingError (No route matches [GET] "/images/PAMPR.png"):
  actionpack (3.2.13) lib/action_dispatch/middleware/debug_exceptions.rb:21:in `call'
  actionpack (3.2.13) lib/action_dispatch/middleware/show_exceptions.rb:56:in `call'
  railties (3.2.13) lib/rails/rack/logger.rb:32:in `call_app'
  railties (3.2.13) lib/rails/rack/logger.rb:16:in `block in call'
  activesupport (3.2.13) lib/active_support/tagged_logging.rb:22:in `tagged'
  railties (3.2.13) lib/rails/rack/logger.rb:16:in `call'
  quiet_assets (1.0.2) lib/quiet_assets.rb:18:in `call_with_quiet_assets'
  actionpack (3.2.13) lib/action_dispatch/middleware/request_id.rb:22:in `call'
  rack (1.4.5) lib/rack/methodoverride.rb:21:in `call'
  rack (1.4.5) lib/rack/runtime.rb:17:in `call'
  activesupport (3.2.13) lib/active_support/cache/strategy/local_cache.rb:72:in `call'
  rack (1.4.5) lib/rack/lock.rb:15:in `call'
  actionpack (3.2.13) lib/action_dispatch/middleware/static.rb:63:in `call'
  railties (3.2.13) lib/rails/engine.rb:479:in `call'
  railties (3.2.13) lib/rails/application.rb:223:in `call'
  rack (1.4.5) lib/rack/content_length.rb:14:in `call'
  railties (3.2.13) lib/rails/rack/log_tailer.rb:17:in `call'
  rack (1.4.5) lib/rack/handler/webrick.rb:59:in `service'
  /System/Library/Frameworks/Ruby.framework/Versions/2.0/usr/lib/ruby/2.0.0/webrick/httpserver.rb:138:in `service'
  /System/Library/Frameworks/Ruby.framework/Versions/2.0/usr/lib/ruby/2.0.0/webrick/httpserver.rb:94:in `run'
  /System/Library/Frameworks/Ruby.framework/Versions/2.0/usr/lib/ruby/2.0.0/webrick/server.rb:295:in `block in start_thread'


  Rendered /Library/Ruby/Gems/2.0.0/gems/actionpack-3.2.13/lib/action_dispatch/middleware/templates/rescues/routing_error.erb within rescues/layout (0.7ms)


Started GET "/images/dog60.png" for 127.0.0.1 at 2014-08-30 16:18:44 +0100

ActionController::RoutingError (No route matches [GET] "/images/dog60.png"):
  actionpack (3.2.13) lib/action_dispatch/middleware/debug_exceptions.rb:21:in `call'
  actionpack (3.2.13) lib/action_dispatch/middleware/show_exceptions.rb:56:in `call'
  railties (3.2.13) lib/rails/rack/logger.rb:32:in `call_app'
  railties (3.2.13) lib/rails/rack/logger.rb:16:in `block in call'
  activesupport (3.2.13) lib/active_support/tagged_logging.rb:22:in `tagged'
  railties (3.2.13) lib/rails/rack/logger.rb:16:in `call'
  quiet_assets (1.0.2) lib/quiet_assets.rb:18:in `call_with_quiet_assets'
  actionpack (3.2.13) lib/action_dispatch/middleware/request_id.rb:22:in `call'
  rack (1.4.5) lib/rack/methodoverride.rb:21:in `call'
  rack (1.4.5) lib/rack/runtime.rb:17:in `call'
  activesupport (3.2.13) lib/active_support/cache/strategy/local_cache.rb:72:in `call'
  rack (1.4.5) lib/rack/lock.rb:15:in `call'
  actionpack (3.2.13) lib/action_dispatch/middleware/static.rb:63:in `call'
  railties (3.2.13) lib/rails/engine.rb:479:in `call'
  railties (3.2.13) lib/rails/application.rb:223:in `call'
  rack (1.4.5) lib/rack/content_length.rb:14:in `call'
  railties (3.2.13) lib/rails/rack/log_tailer.rb:17:in `call'
  rack (1.4.5) lib/rack/handler/webrick.rb:59:in `service'
  /System/Library/Frameworks/Ruby.framework/Versions/2.0/usr/lib/ruby/2.0.0/webrick/httpserver.rb:138:in `service'
  /System/Library/Frameworks/Ruby.framework/Versions/2.0/usr/lib/ruby/2.0.0/webrick/httpserver.rb:94:in `run'
  /System/Library/Frameworks/Ruby.framework/Versions/2.0/usr/lib/ruby/2.0.0/webrick/server.rb:295:in `block in start_thread'


  Rendered /Library/Ruby/Gems/2.0.0/gems/actionpack-3.2.13/lib/action_dispatch/middleware/templates/rescues/routing_error.erb within rescues/layout (0.7ms)


Started GET "/Jumbotron%20Template%20for%20Bootstrap_files/jquery.js" for 127.0.0.1 at 2014-08-30 16:18:44 +0100

ActionController::RoutingError (No route matches [GET] "/Jumbotron%20Template%20for%20Bootstrap_files/jquery.js"):
  actionpack (3.2.13) lib/action_dispatch/middleware/debug_exceptions.rb:21:in `call'
  actionpack (3.2.13) lib/action_dispatch/middleware/show_exceptions.rb:56:in `call'
  railties (3.2.13) lib/rails/rack/logger.rb:32:in `call_app'
  railties (3.2.13) lib/rails/rack/logger.rb:16:in `block in call'
  activesupport (3.2.13) lib/active_support/tagged_logging.rb:22:in `tagged'
  railties (3.2.13) lib/rails/rack/logger.rb:16:in `call'
  quiet_assets (1.0.2) lib/quiet_assets.rb:18:in `call_with_quiet_assets'
  actionpack (3.2.13) lib/action_dispatch/middleware/request_id.rb:22:in `call'
  rack (1.4.5) lib/rack/methodoverride.rb:21:in `call'
  rack (1.4.5) lib/rack/runtime.rb:17:in `call'
  activesupport (3.2.13) lib/active_support/cache/strategy/local_cache.rb:72:in `call'
  rack (1.4.5) lib/rack/lock.rb:15:in `call'
  actionpack (3.2.13) lib/action_dispatch/middleware/static.rb:63:in `call'
  railties (3.2.13) lib/rails/engine.rb:479:in `call'
  railties (3.2.13) lib/rails/application.rb:223:in `call'
  rack (1.4.5) lib/rack/content_length.rb:14:in `call'
  railties (3.2.13) lib/rails/rack/log_tailer.rb:17:in `call'
  rack (1.4.5) lib/rack/handler/webrick.rb:59:in `service'
  /System/Library/Frameworks/Ruby.framework/Versions/2.0/usr/lib/ruby/2.0.0/webrick/httpserver.rb:138:in `service'
  /System/Library/Frameworks/Ruby.framework/Versions/2.0/usr/lib/ruby/2.0.0/webrick/httpserver.rb:94:in `run'
  /System/Library/Frameworks/Ruby.framework/Versions/2.0/usr/lib/ruby/2.0.0/webrick/server.rb:295:in `block in start_thread'


  Rendered /Library/Ruby/Gems/2.0.0/gems/actionpack-3.2.13/lib/action_dispatch/middleware/templates/rescues/routing_error.erb within rescues/layout (0.5ms)


Started GET "/Jumbotron%20Template%20for%20Bootstrap_files/bootstrap.js" for 127.0.0.1 at 2014-08-30 16:18:44 +0100

ActionController::RoutingError (No route matches [GET] "/Jumbotron%20Template%20for%20Bootstrap_files/bootstrap.js"):
  actionpack (3.2.13) lib/action_dispatch/middleware/debug_exceptions.rb:21:in `call'
  actionpack (3.2.13) lib/action_dispatch/middleware/show_exceptions.rb:56:in `call'
  railties (3.2.13) lib/rails/rack/logger.rb:32:in `call_app'
  railties (3.2.13) lib/rails/rack/logger.rb:16:in `block in call'
  activesupport (3.2.13) lib/active_support/tagged_logging.rb:22:in `tagged'
  railties (3.2.13) lib/rails/rack/logger.rb:16:in `call'
  quiet_assets (1.0.2) lib/quiet_assets.rb:18:in `call_with_quiet_assets'
  actionpack (3.2.13) lib/action_dispatch/middleware/request_id.rb:22:in `call'
  rack (1.4.5) lib/rack/methodoverride.rb:21:in `call'
  rack (1.4.5) lib/rack/runtime.rb:17:in `call'
  activesupport (3.2.13) lib/active_support/cache/strategy/local_cache.rb:72:in `call'
  rack (1.4.5) lib/rack/lock.rb:15:in `call'
  actionpack (3.2.13) lib/action_dispatch/middleware/static.rb:63:in `call'
  railties (3.2.13) lib/rails/engine.rb:479:in `call'
  railties (3.2.13) lib/rails/application.rb:223:in `call'
  rack (1.4.5) lib/rack/content_length.rb:14:in `call'
  railties (3.2.13) lib/rails/rack/log_tailer.rb:17:in `call'
  rack (1.4.5) lib/rack/handler/webrick.rb:59:in `service'
  /System/Library/Frameworks/Ruby.framework/Versions/2.0/usr/lib/ruby/2.0.0/webrick/httpserver.rb:138:in `service'
  /System/Library/Frameworks/Ruby.framework/Versions/2.0/usr/lib/ruby/2.0.0/webrick/httpserver.rb:94:in `run'
  /System/Library/Frameworks/Ruby.framework/Versions/2.0/usr/lib/ruby/2.0.0/webrick/server.rb:295:in `block in start_thread'


  Rendered /Library/Ruby/Gems/2.0.0/gems/actionpack-3.2.13/lib/action_dispatch/middleware/templates/rescues/routing_error.erb within rescues/layout (0.5ms)


Started GET "/" for 127.0.0.1 at 2014-08-30 16:19:43 +0100
  [1m[36mUser Load (0.1ms)[0m  [1mSELECT "users".* FROM "users" WHERE "users"."id" = 5 LIMIT 1[0m
Processing by HomeController#index as HTML
  Rendered home/index.html.erb within layouts/application (0.8ms)
  [1m[35m (0.1ms)[0m  SELECT COUNT(*) FROM "roles" INNER JOIN "users_roles" ON "roles"."id" = "users_roles"."role_id" WHERE "users_roles"."user_id" = 5 AND (((roles.name = 'admin') AND (roles.resource_type IS NULL) AND (roles.resource_id IS NULL)))
  Rendered layouts/_navigation.html.erb (2.2ms)
  Rendered layouts/_messages.html.erb (0.1ms)
Completed 200 OK in 28ms (Views: 27.4ms | ActiveRecord: 0.1ms)


Started GET "/users/edit" for 127.0.0.1 at 2014-08-30 16:19:46 +0100
Processing by RegistrationsController#edit as HTML
  [1m[36mUser Load (0.1ms)[0m  [1mSELECT "users".* FROM "users" WHERE "users"."id" = 5 LIMIT 1[0m
  [1m[35mRole Load (0.2ms)[0m  SELECT "roles".* FROM "roles" INNER JOIN "users_roles" ON "roles"."id" = "users_roles"."role_id" WHERE "users_roles"."user_id" = 5 LIMIT 1
  [1m[36mRole Load (0.1ms)[0m  [1mSELECT "roles".* FROM "roles" [0m
  [1m[35m (0.1ms)[0m  SELECT "roles".id FROM "roles" INNER JOIN "users_roles" ON "roles"."id" = "users_roles"."role_id" WHERE "users_roles"."user_id" = 5
  [1m[36mCACHE (0.0ms)[0m  [1mSELECT "roles".id FROM "roles" INNER JOIN "users_roles" ON "roles"."id" = "users_roles"."role_id" WHERE "users_roles"."user_id" = 5[0m
  [1m[35mCACHE (0.0ms)[0m  SELECT "roles".id FROM "roles" INNER JOIN "users_roles" ON "roles"."id" = "users_roles"."role_id" WHERE "users_roles"."user_id" = 5
  Rendered devise/registrations/edit.html.erb within layouts/application (54.9ms)
  [1m[36m (0.1ms)[0m  [1mSELECT COUNT(*) FROM "roles" INNER JOIN "users_roles" ON "roles"."id" = "users_roles"."role_id" WHERE "users_roles"."user_id" = 5 AND (((roles.name = 'admin') AND (roles.resource_type IS NULL) AND (roles.resource_id IS NULL)))[0m
  Rendered layouts/_navigation.html.erb (1.7ms)
  Rendered layouts/_messages.html.erb (0.1ms)
Completed 200 OK in 81ms (Views: 78.9ms | ActiveRecord: 0.6ms)


Started PUT "/users" for 127.0.0.1 at 2014-08-30 16:19:54 +0100
Processing by RegistrationsController#update as HTML
  Parameters: {"utf8"=>"✓", "authenticity_token"=>"tqvANfJUGtC1LF5RQPNLCJNWwvdxqoz3EKxTyiC7oNg=", "user"=>{"name"=>"Michael Scherbaum", "email"=>"michaelscherbaum@gmx.net", "password"=>"[FILTERED]", "password_confirmation"=>"[FILTERED]", "current_password"=>"[FILTERED]"}, "commit"=>"Update"}
  [1m[35mUser Load (0.1ms)[0m  SELECT "users".* FROM "users" WHERE "users"."id" = 5 LIMIT 1
  [1m[36mUser Load (0.1ms)[0m  [1mSELECT "users".* FROM "users" WHERE "users"."id" = ? LIMIT 1[0m  [["id", 5]]
  [1m[35mUser Exists (0.2ms)[0m  SELECT 1 AS one FROM "users" WHERE ("users"."email" = 'michaelscherbaum@gmx.net' AND "users"."id" != 5) LIMIT 1
  [1m[36mRole Load (0.1ms)[0m  [1mSELECT "roles".* FROM "roles" INNER JOIN "users_roles" ON "roles"."id" = "users_roles"."role_id" WHERE "users_roles"."user_id" = 5 LIMIT 1[0m
  [1m[35mRole Load (0.2ms)[0m  SELECT "roles".* FROM "roles" 
  [1m[36m (0.1ms)[0m  [1mSELECT "roles".id FROM "roles" INNER JOIN "users_roles" ON "roles"."id" = "users_roles"."role_id" WHERE "users_roles"."user_id" = 5[0m
  [1m[35mCACHE (0.0ms)[0m  SELECT "roles".id FROM "roles" INNER JOIN "users_roles" ON "roles"."id" = "users_roles"."role_id" WHERE "users_roles"."user_id" = 5
  [1m[36mCACHE (0.0ms)[0m  [1mSELECT "roles".id FROM "roles" INNER JOIN "users_roles" ON "roles"."id" = "users_roles"."role_id" WHERE "users_roles"."user_id" = 5[0m
  Rendered devise/registrations/edit.html.erb within layouts/application (12.9ms)
  [1m[35m (0.2ms)[0m  SELECT COUNT(*) FROM "roles" INNER JOIN "users_roles" ON "roles"."id" = "users_roles"."role_id" WHERE "users_roles"."user_id" = 5 AND (((roles.name = 'admin') AND (roles.resource_type IS NULL) AND (roles.resource_id IS NULL)))
  Rendered layouts/_navigation.html.erb (3.1ms)
  Rendered layouts/_messages.html.erb (0.1ms)
Completed 200 OK in 165ms (Views: 80.6ms | ActiveRecord: 0.6ms)


Started PUT "/users" for 127.0.0.1 at 2014-08-30 16:19:59 +0100
Processing by RegistrationsController#update as HTML
  Parameters: {"utf8"=>"✓", "authenticity_token"=>"tqvANfJUGtC1LF5RQPNLCJNWwvdxqoz3EKxTyiC7oNg=", "user"=>{"name"=>"Michael Scherbaum", "email"=>"michaelscherbaum@gmx.net", "password"=>"[FILTERED]", "password_confirmation"=>"[FILTERED]", "current_password"=>"[FILTERED]"}, "commit"=>"Update"}
  [1m[36mUser Load (0.1ms)[0m  [1mSELECT "users".* FROM "users" WHERE "users"."id" = 5 LIMIT 1[0m
  [1m[35mUser Load (0.1ms)[0m  SELECT "users".* FROM "users" WHERE "users"."id" = ? LIMIT 1  [["id", 5]]
  [1m[36m (0.1ms)[0m  [1mbegin transaction[0m
  [1m[35mUser Exists (0.1ms)[0m  SELECT 1 AS one FROM "users" WHERE ("users"."email" = 'michaelscherbaum@gmx.net' AND "users"."id" != 5) LIMIT 1
  [1m[36m (0.3ms)[0m  [1mUPDATE "users" SET "email" = 'michaelscherbaum@gmx.net', "updated_at" = '2014-08-30 15:20:02.201444' WHERE "users"."id" = 5[0m
  [1m[35m (9.1ms)[0m  commit transaction
Redirected to http://localhost:3000/
Completed 302 Found in 3178ms (ActiveRecord: 0.0ms)


Started GET "/" for 127.0.0.1 at 2014-08-30 16:20:02 +0100
  [1m[36mUser Load (0.2ms)[0m  [1mSELECT "users".* FROM "users" WHERE "users"."id" = 5 LIMIT 1[0m
Processing by HomeController#index as HTML
  Rendered home/index.html.erb within layouts/application (0.4ms)
  [1m[35m (0.1ms)[0m  SELECT COUNT(*) FROM "roles" INNER JOIN "users_roles" ON "roles"."id" = "users_roles"."role_id" WHERE "users_roles"."user_id" = 5 AND (((roles.name = 'admin') AND (roles.resource_type IS NULL) AND (roles.resource_id IS NULL)))
  Rendered layouts/_navigation.html.erb (1.9ms)
  Rendered layouts/_messages.html.erb (0.1ms)
Completed 200 OK in 23ms (Views: 22.5ms | ActiveRecord: 0.1ms)


Started GET "/users/edit" for 127.0.0.1 at 2014-08-30 16:20:04 +0100
Processing by RegistrationsController#edit as HTML
  [1m[36mUser Load (0.2ms)[0m  [1mSELECT "users".* FROM "users" WHERE "users"."id" = 5 LIMIT 1[0m
  [1m[35mRole Load (0.1ms)[0m  SELECT "roles".* FROM "roles" INNER JOIN "users_roles" ON "roles"."id" = "users_roles"."role_id" WHERE "users_roles"."user_id" = 5 LIMIT 1
  [1m[36mRole Load (0.1ms)[0m  [1mSELECT "roles".* FROM "roles" [0m
  [1m[35m (0.1ms)[0m  SELECT "roles".id FROM "roles" INNER JOIN "users_roles" ON "roles"."id" = "users_roles"."role_id" WHERE "users_roles"."user_id" = 5
  [1m[36mCACHE (0.0ms)[0m  [1mSELECT "roles".id FROM "roles" INNER JOIN "users_roles" ON "roles"."id" = "users_roles"."role_id" WHERE "users_roles"."user_id" = 5[0m
  [1m[35mCACHE (0.0ms)[0m  SELECT "roles".id FROM "roles" INNER JOIN "users_roles" ON "roles"."id" = "users_roles"."role_id" WHERE "users_roles"."user_id" = 5
  Rendered devise/registrations/edit.html.erb within layouts/application (12.0ms)
  [1m[36m (0.1ms)[0m  [1mSELECT COUNT(*) FROM "roles" INNER JOIN "users_roles" ON "roles"."id" = "users_roles"."role_id" WHERE "users_roles"."user_id" = 5 AND (((roles.name = 'admin') AND (roles.resource_type IS NULL) AND (roles.resource_id IS NULL)))[0m
  Rendered layouts/_navigation.html.erb (1.8ms)
  Rendered layouts/_messages.html.erb (0.1ms)
Completed 200 OK in 40ms (Views: 38.0ms | ActiveRecord: 0.6ms)
